/ - 404 - 139 Bytes - 3.210 ms - -
/auth/test - 404 - 148 Bytes - 0.831 ms - -
/auth/test - 404 - 148 Bytes - 0.688 ms - -
/auth/test - 200 - 61 Bytes - 2.780 ms - -
/api/v1/auth/test - 200 - 60 Bytes - 3.099 ms - -
/api/v1/auth/test - 200 - 72 Bytes - 3.734 ms - -
/api/v1/auth/test - 200 - 72 Bytes - 4.234 ms - -
/api/v1/auth/user_signup - 400 - - Bytes - 4.510 ms - -
/api/v1/auth/user_login - 422 - 50 Bytes - 54.719 ms - -
/api/v1/auth/social_login - 200 - 597 Bytes - 105.018 ms - -
/api/v1/auth/social_login - 200 - 582 Bytes - 44.142 ms - -
/api/v1/auth/forget_password - 409 - 50 Bytes - 31.369 ms - -
/api/v1/auth/user_signup - 400 - - Bytes - 4.008 ms - -
/api/v1/auth/user_login - 422 - 50 Bytes - 62.279 ms - -
/api/v1/auth/social_login - 200 - 597 Bytes - 127.781 ms - -
/api/v1/auth/social_login - 200 - 582 Bytes - 32.633 ms - -
/api/v1/auth/forget_password - 409 - 50 Bytes - 179.290 ms - -
/api/v1/auth/user_signup - 400 - - Bytes - 4.307 ms - -
/api/v1/auth/user_login - 422 - 50 Bytes - 52.922 ms - -
/api/v1/auth/social_login - 200 - 597 Bytes - 103.859 ms - -
/api/v1/auth/social_login - 200 - 582 Bytes - 33.373 ms - -
/api/v1/auth/forget_password - 409 - 50 Bytes - 31.509 ms - -
/api/v1/auth/user_signup - 400 - - Bytes - 4.115 ms - -
/api/v1/auth/user_login - 422 - 50 Bytes - 52.432 ms - -
/api/v1/auth/social_login - 200 - 597 Bytes - 104.957 ms - -
/api/v1/auth/social_login - 200 - 582 Bytes - 40.141 ms - -
/api/v1/auth/forget_password - 409 - 50 Bytes - 30.484 ms - -
/api/v1/auth/user_signup - 400 - - Bytes - 3.930 ms - -
/api/v1/auth/user_login - 422 - 50 Bytes - 49.186 ms - -
/api/v1/auth/social_login - 200 - 597 Bytes - 111.979 ms - -
/api/v1/auth/social_login - 200 - 582 Bytes - 32.319 ms - -
/api/v1/auth/forget_password - 409 - 50 Bytes - 180.906 ms - -
/api/v1/auth/user_signup - 400 - - Bytes - 4.245 ms - -
/api/v1/auth/user_login - 422 - 50 Bytes - 60.977 ms - -
/api/v1/auth/social_login - 200 - 597 Bytes - 138.136 ms - -
/api/v1/auth/social_login - 200 - 582 Bytes - 32.561 ms - -
/api/v1/auth/forget_password - 409 - 50 Bytes - 435.029 ms - -
/api/v1/auth/user_signup - 400 - - Bytes - 4.026 ms - -
/api/v1/auth/user_login - 422 - 50 Bytes - 50.011 ms - -
/api/v1/auth/social_login - 200 - 597 Bytes - 97.010 ms - -
/api/v1/auth/social_login - 200 - 582 Bytes - 28.156 ms - -
/api/v1/auth/forget_password - 409 - 50 Bytes - 26.591 ms - -
/api/v1/auth/user_signup - 400 - - Bytes - 4.409 ms - -
/api/v1/auth/user_login - 422 - 50 Bytes - 45.411 ms - -
/api/v1/auth/social_login - 200 - 597 Bytes - 95.996 ms - -
/api/v1/auth/social_login - 200 - 582 Bytes - 29.314 ms - -
/api/v1/auth/forget_password - 409 - 50 Bytes - 31.409 ms - -
/api/v1/auth/user_signup - 400 - - Bytes - 4.835 ms - -
/api/v1/auth/user_login - 422 - 50 Bytes - 53.096 ms - -
/api/v1/auth/social_login - 200 - 597 Bytes - 108.487 ms - -
/api/v1/auth/social_login - 200 - 582 Bytes - 30.003 ms - -
/api/v1/auth/forget_password - 409 - 50 Bytes - 158.738 ms - -
/api/v1/auth/user_signup - 200 - 58 Bytes - 227.465 ms - -
/api/v1/auth/user_login - 200 - 499 Bytes - 121.769 ms - -
/api/v1/auth/social_login - 200 - 597 Bytes - 63.151 ms - -
/api/v1/auth/social_login - 200 - 582 Bytes - 27.418 ms - -
/api/v1/auth/forget_password - 200 - 75 Bytes - 281.357 ms - -
/api/v1/auth/reset_password - 200 - 49 Bytes - 182.978 ms - -
/api/v1/auth/resend_confirmation_email - 200 - 57 Bytes - 287.668 ms - -
/api/v1/auth/change_password - 200 - 49 Bytes - 298.324 ms - -
/api/v1/user/view/6176aafbc5eb6094876bdd5b - 404 - 181 Bytes - 2.834 ms - -
/api/v1/user/edit - 404 - 156 Bytes - 0.863 ms - -
/api/v1/auth/logout - 200 - 61 Bytes - 118.368 ms - -
/api/v1/auth/user_signup - 200 - 58 Bytes - 238.366 ms - -
/api/v1/auth/user_login - 200 - 499 Bytes - 119.888 ms - -
/api/v1/auth/social_login - 200 - 597 Bytes - 79.085 ms - -
/api/v1/auth/social_login - 200 - 582 Bytes - 27.667 ms - -
/api/v1/auth/forget_password - 200 - 75 Bytes - 493.272 ms - -
/api/v1/auth/reset_password - 200 - 49 Bytes - 201.175 ms - -
/api/v1/auth/resend_confirmation_email - 200 - 57 Bytes - 306.073 ms - -
/api/v1/auth/change_password - 200 - 49 Bytes - 326.344 ms - -
/api/v1/auth/view_user - 200 - 410 Bytes - 69.436 ms - -
/api/v1/auth/edit_user - 200 - 478 Bytes - 142.401 ms - -
/api/v1/auth/logout - 200 - 61 Bytes - 146.491 ms - -
/api/v1/auth/user_signup - 200 - 58 Bytes - 248.904 ms - -
/api/v1/auth/user_login - 200 - 499 Bytes - 122.724 ms - -
/api/v1/auth/social_login - 200 - 597 Bytes - 68.726 ms - -
/api/v1/auth/social_login - 200 - 582 Bytes - 26.764 ms - -
/api/v1/auth/forget_password - 200 - 75 Bytes - 293.076 ms - -
/api/v1/auth/reset_password - 200 - 49 Bytes - 186.742 ms - -
/api/v1/auth/resend_confirmation_email - 200 - 57 Bytes - 328.416 ms - -
/api/v1/auth/change_password - 200 - 49 Bytes - 314.264 ms - -
/api/v1/auth/view_user - 200 - 410 Bytes - 57.223 ms - -
/api/v1/auth/edit_user - 200 - 478 Bytes - 112.806 ms - -
/api/v1/auth/logout - 200 - 61 Bytes - 114.021 ms - -
